Traceback (most recent call last):
  File "../bin/pserve", line 75, in <module>
    sys.exit(pyramid.scripts.pserve.main())
  File "/srv/encoded/eggs/pyramid-1.6a2-py3.4.egg/pyramid/scripts/pserve.py", line 58, in main
    return command.run()
  File "/srv/encoded/eggs/pyramid-1.6a2-py3.4.egg/pyramid/scripts/pserve.py", line 325, in run
    relative_to=base, global_conf=vars)
  File "/srv/encoded/eggs/pyramid-1.6a2-py3.4.egg/pyramid/scripts/pserve.py", line 367, in loadserver
    server_spec, name=name, relative_to=relative_to, **kw)
  File "/srv/encoded/eggs/PasteDeploy-1.5.2-py3.4.egg/paste/deploy/loadwsgi.py", line 255, in loadserver
    return loadobj(SERVER, uri, name=name, **kw)
  File "/srv/encoded/eggs/PasteDeploy-1.5.2-py3.4.egg/paste/deploy/loadwsgi.py", line 271, in loadobj
    global_conf=global_conf)
  File "/srv/encoded/eggs/PasteDeploy-1.5.2-py3.4.egg/paste/deploy/loadwsgi.py", line 296, in loadcontext
    global_conf=global_conf)
  File "/srv/encoded/eggs/PasteDeploy-1.5.2-py3.4.egg/paste/deploy/loadwsgi.py", line 317, in _loadconfig
    loader = ConfigLoader(path)
  File "/srv/encoded/eggs/PasteDeploy-1.5.2-py3.4.egg/paste/deploy/loadwsgi.py", line 393, in __init__
    with open(filename) as f:
FileNotFoundError: [Errno 2] No such file or directory: '/srv/encoded/CDE/development.ini'
